<?xml version="1.0" encoding="UTF-8"?>
<!-- Generated by org.testng.reporters.JUnitXMLReporter -->
<testsuite hostname="Lenovo-PC" name="Default test" tests="2" failures="0" timestamp="20 May 2017 18:25:36 GMT" time="141.615" errors="0">
  <testcase name="feature" time="109.814" classname="com.project.CucumberMaven.RunCukesByFeatureAndCompositionTest1"/>
  <testcase name="feature" time="30.869" classname="com.project.CucumberMaven.RunCukesByFeatureAndCompositionTest1"/>
</testsuite> <!-- Default test -->
